build/app/intermediates/manifest_merge_blame_file/debug/manifest-merger-blame-debug-report.txt
1<?xml version="1.0" encoding="utf-8"?>
2<manifest xmlns:android="http://schemas.android.com/apk/res/android"
3    package="com.example.prosoccer"
4    android:versionCode="1"
5    android:versionName="1.0.0" >
6
7    <uses-sdk
8        android:minSdkVersion="19"
9        android:targetSdkVersion="33" />
10    <!--
11         The INTERNET permission is required for development. Specifically,
12         the Flutter tool needs it to communicate with the running application
13         to allow setting breakpoints, to provide hot reload, etc.
14    -->
15    <uses-permission android:name="android.permission.INTERNET" />
15-->src/debug/AndroidManifest.xml:6:5-66
15-->src/debug/AndroidManifest.xml:6:22-64
16
17    <queries>
17-->[:flutter_inappwebview] AndroidManifest.xml:9:5-13:15
18        <intent>
18-->[:flutter_inappwebview] AndroidManifest.xml:10:9-12:18
19            <action android:name="android.support.customtabs.action.CustomTabsService" />
19-->[:flutter_inappwebview] AndroidManifest.xml:11:13-90
19-->[:flutter_inappwebview] AndroidManifest.xml:11:21-87
20        </intent>
21        <!-- For browser content -->
22        <intent>
22-->[com.google.android.gms:play-services-ads-lite:22.5.0] AndroidManifest.xml:38:9-44:18
23            <action android:name="android.intent.action.VIEW" />
23-->[com.google.android.gms:play-services-ads-lite:22.5.0] AndroidManifest.xml:39:13-65
23-->[com.google.android.gms:play-services-ads-lite:22.5.0] AndroidManifest.xml:39:21-62
24
25            <category android:name="android.intent.category.BROWSABLE" />
25-->[com.google.android.gms:play-services-ads-lite:22.5.0] AndroidManifest.xml:41:13-74
25-->[com.google.android.gms:play-services-ads-lite:22.5.0] AndroidManifest.xml:41:23-71
26
27            <data android:scheme="https" />
27-->[com.google.android.gms:play-services-ads-lite:22.5.0] AndroidManifest.xml:43:13-44
27-->[com.google.android.gms:play-services-ads-lite:22.5.0] AndroidManifest.xml:43:19-41
28        </intent>
29    </queries>
30
31    <uses-permission android:name="android.permission.ACCESS_NETWORK_STATE" />
31-->[com.google.android.gms:play-services-ads-lite:22.5.0] AndroidManifest.xml:25:5-79
31-->[com.google.android.gms:play-services-ads-lite:22.5.0] AndroidManifest.xml:25:22-76
32    <uses-permission android:name="com.google.android.gms.permission.AD_ID" />
32-->[com.google.android.gms:play-services-ads-lite:22.5.0] AndroidManifest.xml:26:5-79
32-->[com.google.android.gms:play-services-ads-lite:22.5.0] AndroidManifest.xml:26:22-76
33    <uses-permission android:name="android.permission.ACCESS_ADSERVICES_AD_ID" />
33-->[com.google.android.gms:play-services-ads-lite:22.5.0] AndroidManifest.xml:27:5-82
33-->[com.google.android.gms:play-services-ads-lite:22.5.0] AndroidManifest.xml:27:22-79
34    <uses-permission android:name="android.permission.ACCESS_ADSERVICES_ATTRIBUTION" />
34-->[com.google.android.gms:play-services-ads-lite:22.5.0] AndroidManifest.xml:28:5-88
34-->[com.google.android.gms:play-services-ads-lite:22.5.0] AndroidManifest.xml:28:22-85
35    <uses-permission android:name="android.permission.ACCESS_ADSERVICES_TOPICS" />
35-->[com.google.android.gms:play-services-ads-lite:22.5.0] AndroidManifest.xml:29:5-83
35-->[com.google.android.gms:play-services-ads-lite:22.5.0] AndroidManifest.xml:29:22-80
36    <uses-permission android:name="android.permission.WAKE_LOCK" />
36-->[com.google.android.gms:play-services-measurement-sdk-api:20.1.2] AndroidManifest.xml:25:5-68
36-->[com.google.android.gms:play-services-measurement-sdk-api:20.1.2] AndroidManifest.xml:25:22-65
37    <uses-permission android:name="android.permission.FOREGROUND_SERVICE" />
37-->[androidx.work:work-runtime:2.7.0] AndroidManifest.xml:28:5-77
37-->[androidx.work:work-runtime:2.7.0] AndroidManifest.xml:28:22-74
38
39    <permission
39-->[androidx.core:core:1.10.1] AndroidManifest.xml:22:5-24:47
40        android:name="com.example.prosoccer.DYNAMIC_RECEIVER_NOT_EXPORTED_PERMISSION"
40-->[androidx.core:core:1.10.1] AndroidManifest.xml:23:9-81
41        android:protectionLevel="signature" />
41-->[androidx.core:core:1.10.1] AndroidManifest.xml:24:9-44
42
43    <uses-permission android:name="com.example.prosoccer.DYNAMIC_RECEIVER_NOT_EXPORTED_PERMISSION" />
43-->[androidx.core:core:1.10.1] AndroidManifest.xml:26:5-97
43-->[androidx.core:core:1.10.1] AndroidManifest.xml:26:22-94
44
45    <application
46        android:name="android.app.Application"
47        android:appComponentFactory="androidx.core.app.CoreComponentFactory"
47-->[androidx.core:core:1.10.1] AndroidManifest.xml:28:18-86
48        android:debuggable="true"
49        android:icon="@mipmap/launcher_icon"
50        android:label="AllSoccer" >
51        <activity
52            android:name="com.example.prosoccer.MainActivity"
53            android:configChanges="orientation|keyboardHidden|keyboard|screenSize|smallestScreenSize|locale|layoutDirection|fontScale|screenLayout|density|uiMode"
54            android:exported="true"
55            android:hardwareAccelerated="true"
56            android:launchMode="singleTop"
57            android:theme="@style/LaunchTheme"
58            android:windowSoftInputMode="adjustResize" >
59
60            <!--
61                 Specifies an Android theme to apply to this Activity as soon as
62                 the Android process has started. This theme is visible to the user
63                 while the Flutter UI initializes. After that, this theme continues
64                 to determine the Window background behind the Flutter UI.
65            -->
66            <meta-data
67                android:name="io.flutter.embedding.android.NormalTheme"
68                android:resource="@style/NormalTheme" />
69
70            <intent-filter>
71                <action android:name="android.intent.action.MAIN" />
72
73                <category android:name="android.intent.category.LAUNCHER" />
74            </intent-filter>
75        </activity>
76        <!--
77             Don't delete the meta-data below.
78             This is used by the Flutter tool to generate GeneratedPluginRegistrant.java
79        -->
80        <meta-data
81            android:name="flutterEmbedding"
82            android:value="2" />
83        <meta-data
84            android:name="com.google.android.gms.ads.APPLICATION_ID"
85            android:value="ca-app-pub-5984247442414347~9685199548" />
86
87        <activity
87-->[:flutter_inappwebview] AndroidManifest.xml:16:9-20:47
88            android:name="com.pichillilorenzo.flutter_inappwebview.in_app_browser.InAppBrowserActivity"
88-->[:flutter_inappwebview] AndroidManifest.xml:17:13-104
89            android:configChanges="orientation|keyboardHidden|keyboard|screenSize|locale|layoutDirection|fontScale|screenLayout|density"
89-->[:flutter_inappwebview] AndroidManifest.xml:18:13-137
90            android:exported="false"
90-->[:flutter_inappwebview] AndroidManifest.xml:19:13-37
91            android:theme="@style/AppTheme" />
91-->[:flutter_inappwebview] AndroidManifest.xml:20:13-44
92        <activity
92-->[:flutter_inappwebview] AndroidManifest.xml:21:9-24:55
93            android:name="com.pichillilorenzo.flutter_inappwebview.chrome_custom_tabs.ChromeCustomTabsActivity"
93-->[:flutter_inappwebview] AndroidManifest.xml:22:13-112
94            android:exported="false"
94-->[:flutter_inappwebview] AndroidManifest.xml:23:13-37
95            android:theme="@style/ThemeTransparent" />
95-->[:flutter_inappwebview] AndroidManifest.xml:24:13-52
96        <activity
96-->[:flutter_inappwebview] AndroidManifest.xml:25:9-28:55
97            android:name="com.pichillilorenzo.flutter_inappwebview.chrome_custom_tabs.TrustedWebActivity"
97-->[:flutter_inappwebview] AndroidManifest.xml:26:13-106
98            android:exported="false"
98-->[:flutter_inappwebview] AndroidManifest.xml:27:13-37
99            android:theme="@style/ThemeTransparent" />
99-->[:flutter_inappwebview] AndroidManifest.xml:28:13-52
100        <activity
100-->[:flutter_inappwebview] AndroidManifest.xml:29:9-33:55
101            android:name="com.pichillilorenzo.flutter_inappwebview.chrome_custom_tabs.ChromeCustomTabsActivitySingleInstance"
101-->[:flutter_inappwebview] AndroidManifest.xml:30:13-126
102            android:exported="false"
102-->[:flutter_inappwebview] AndroidManifest.xml:31:13-37
103            android:launchMode="singleInstance"
103-->[:flutter_inappwebview] AndroidManifest.xml:32:13-48
104            android:theme="@style/ThemeTransparent" />
104-->[:flutter_inappwebview] AndroidManifest.xml:33:13-52
105        <activity
105-->[:flutter_inappwebview] AndroidManifest.xml:34:9-38:55
106            android:name="com.pichillilorenzo.flutter_inappwebview.chrome_custom_tabs.TrustedWebActivitySingleInstance"
106-->[:flutter_inappwebview] AndroidManifest.xml:35:13-120
107            android:exported="false"
107-->[:flutter_inappwebview] AndroidManifest.xml:36:13-37
108            android:launchMode="singleInstance"
108-->[:flutter_inappwebview] AndroidManifest.xml:37:13-48
109            android:theme="@style/ThemeTransparent" />
109-->[:flutter_inappwebview] AndroidManifest.xml:38:13-52
110
111        <receiver
111-->[:flutter_inappwebview] AndroidManifest.xml:40:9-43:40
112            android:name="com.pichillilorenzo.flutter_inappwebview.chrome_custom_tabs.ActionBroadcastReceiver"
112-->[:flutter_inappwebview] AndroidManifest.xml:41:13-111
113            android:enabled="true"
113-->[:flutter_inappwebview] AndroidManifest.xml:42:13-35
114            android:exported="false" />
114-->[:flutter_inappwebview] AndroidManifest.xml:43:13-37
115
116        <meta-data
116-->[:flutter_inappwebview] AndroidManifest.xml:45:9-47:36
117            android:name="io.flutter.embedded_views_preview"
117-->[:flutter_inappwebview] AndroidManifest.xml:46:13-61
118            android:value="true" />
118-->[:flutter_inappwebview] AndroidManifest.xml:47:13-33
119
120        <activity
120-->[:url_launcher_android] AndroidManifest.xml:10:9-13:74
121            android:name="io.flutter.plugins.urllauncher.WebViewActivity"
121-->[:url_launcher_android] AndroidManifest.xml:11:13-74
122            android:exported="false"
122-->[:url_launcher_android] AndroidManifest.xml:12:13-37
123            android:theme="@android:style/Theme.NoTitleBar.Fullscreen" />
123-->[:url_launcher_android] AndroidManifest.xml:13:13-71
124
125        <uses-library
125-->[androidx.privacysandbox.ads:ads-adservices:1.0.0-beta05] AndroidManifest.xml:23:9-25:40
126            android:name="android.ext.adservices"
126-->[androidx.privacysandbox.ads:ads-adservices:1.0.0-beta05] AndroidManifest.xml:24:13-50
127            android:required="false" />
127-->[androidx.privacysandbox.ads:ads-adservices:1.0.0-beta05] AndroidManifest.xml:25:13-37
128
129        <provider
129-->[androidx.emoji2:emoji2:1.2.0] AndroidManifest.xml:24:9-32:20
130            android:name="androidx.startup.InitializationProvider"
130-->[androidx.emoji2:emoji2:1.2.0] AndroidManifest.xml:25:13-67
131            android:authorities="com.example.prosoccer.androidx-startup"
131-->[androidx.emoji2:emoji2:1.2.0] AndroidManifest.xml:26:13-68
132            android:exported="false" >
132-->[androidx.emoji2:emoji2:1.2.0] AndroidManifest.xml:27:13-37
133            <meta-data
133-->[androidx.emoji2:emoji2:1.2.0] AndroidManifest.xml:29:13-31:52
134                android:name="androidx.emoji2.text.EmojiCompatInitializer"
134-->[androidx.emoji2:emoji2:1.2.0] AndroidManifest.xml:30:17-75
135                android:value="androidx.startup" />
135-->[androidx.emoji2:emoji2:1.2.0] AndroidManifest.xml:31:17-49
136            <meta-data
136-->[androidx.work:work-runtime:2.7.0] AndroidManifest.xml:36:13-38:52
137                android:name="androidx.work.WorkManagerInitializer"
137-->[androidx.work:work-runtime:2.7.0] AndroidManifest.xml:37:17-68
138                android:value="androidx.startup" />
138-->[androidx.work:work-runtime:2.7.0] AndroidManifest.xml:38:17-49
139            <meta-data
139-->[androidx.lifecycle:lifecycle-process:2.6.2] AndroidManifest.xml:29:13-31:52
140                android:name="androidx.lifecycle.ProcessLifecycleInitializer"
140-->[androidx.lifecycle:lifecycle-process:2.6.2] AndroidManifest.xml:30:17-78
141                android:value="androidx.startup" />
141-->[androidx.lifecycle:lifecycle-process:2.6.2] AndroidManifest.xml:31:17-49
142            <meta-data
142-->[androidx.profileinstaller:profileinstaller:1.3.0] AndroidManifest.xml:29:13-31:52
143                android:name="androidx.profileinstaller.ProfileInstallerInitializer"
143-->[androidx.profileinstaller:profileinstaller:1.3.0] AndroidManifest.xml:30:17-85
144                android:value="androidx.startup" />
144-->[androidx.profileinstaller:profileinstaller:1.3.0] AndroidManifest.xml:31:17-49
145        </provider> <!-- Include the AdActivity and InAppPurchaseActivity configChanges and themes. -->
146        <activity
146-->[com.google.android.gms:play-services-ads-lite:22.5.0] AndroidManifest.xml:56:9-61:43
147            android:name="com.google.android.gms.ads.AdActivity"
147-->[com.google.android.gms:play-services-ads-lite:22.5.0] AndroidManifest.xml:57:13-65
148            android:configChanges="keyboard|keyboardHidden|orientation|screenLayout|uiMode|screenSize|smallestScreenSize"
148-->[com.google.android.gms:play-services-ads-lite:22.5.0] AndroidManifest.xml:58:13-122
149            android:exported="false"
149-->[com.google.android.gms:play-services-ads-lite:22.5.0] AndroidManifest.xml:59:13-37
150            android:theme="@android:style/Theme.Translucent" />
150-->[com.google.android.gms:play-services-ads-lite:22.5.0] AndroidManifest.xml:60:13-61
151
152        <provider
152-->[com.google.android.gms:play-services-ads-lite:22.5.0] AndroidManifest.xml:63:9-68:43
153            android:name="com.google.android.gms.ads.MobileAdsInitProvider"
153-->[com.google.android.gms:play-services-ads-lite:22.5.0] AndroidManifest.xml:64:13-76
154            android:authorities="com.example.prosoccer.mobileadsinitprovider"
154-->[com.google.android.gms:play-services-ads-lite:22.5.0] AndroidManifest.xml:65:13-73
155            android:exported="false"
155-->[com.google.android.gms:play-services-ads-lite:22.5.0] AndroidManifest.xml:66:13-37
156            android:initOrder="100" />
156-->[com.google.android.gms:play-services-ads-lite:22.5.0] AndroidManifest.xml:67:13-36
157
158        <service
158-->[com.google.android.gms:play-services-ads-lite:22.5.0] AndroidManifest.xml:70:9-74:43
159            android:name="com.google.android.gms.ads.AdService"
159-->[com.google.android.gms:play-services-ads-lite:22.5.0] AndroidManifest.xml:71:13-64
160            android:enabled="true"
160-->[com.google.android.gms:play-services-ads-lite:22.5.0] AndroidManifest.xml:72:13-35
161            android:exported="false" />
161-->[com.google.android.gms:play-services-ads-lite:22.5.0] AndroidManifest.xml:73:13-37
162
163        <activity
163-->[com.google.android.gms:play-services-ads-lite:22.5.0] AndroidManifest.xml:76:9-80:43
164            android:name="com.google.android.gms.ads.OutOfContextTestingActivity"
164-->[com.google.android.gms:play-services-ads-lite:22.5.0] AndroidManifest.xml:77:13-82
165            android:configChanges="keyboard|keyboardHidden|orientation|screenLayout|uiMode|screenSize|smallestScreenSize"
165-->[com.google.android.gms:play-services-ads-lite:22.5.0] AndroidManifest.xml:78:13-122
166            android:exported="false" />
166-->[com.google.android.gms:play-services-ads-lite:22.5.0] AndroidManifest.xml:79:13-37
167
168        <property
168-->[com.google.android.gms:play-services-ads-lite:22.5.0] AndroidManifest.xml:82:9-84:62
169            android:name="android.adservices.AD_SERVICES_CONFIG"
169-->[com.google.android.gms:play-services-ads-lite:22.5.0] AndroidManifest.xml:83:13-65
170            android:resource="@xml/gma_ad_services_config" />
170-->[com.google.android.gms:play-services-ads-lite:22.5.0] AndroidManifest.xml:84:13-59
171
172        <activity
172-->[com.google.android.gms:play-services-base:18.0.0] AndroidManifest.xml:20:9-22:45
173            android:name="com.google.android.gms.common.api.GoogleApiActivity"
173-->[com.google.android.gms:play-services-base:18.0.0] AndroidManifest.xml:20:19-85
174            android:exported="false"
174-->[com.google.android.gms:play-services-base:18.0.0] AndroidManifest.xml:22:19-43
175            android:theme="@android:style/Theme.Translucent.NoTitleBar" />
175-->[com.google.android.gms:play-services-base:18.0.0] AndroidManifest.xml:21:19-78
176
177        <meta-data
177-->[com.google.android.gms:play-services-basement:18.2.0] AndroidManifest.xml:21:9-23:69
178            android:name="com.google.android.gms.version"
178-->[com.google.android.gms:play-services-basement:18.2.0] AndroidManifest.xml:22:13-58
179            android:value="@integer/google_play_services_version" />
179-->[com.google.android.gms:play-services-basement:18.2.0] AndroidManifest.xml:23:13-66
180
181        <service
181-->[androidx.work:work-runtime:2.7.0] AndroidManifest.xml:41:9-46:35
182            android:name="androidx.work.impl.background.systemalarm.SystemAlarmService"
182-->[androidx.work:work-runtime:2.7.0] AndroidManifest.xml:42:13-88
183            android:directBootAware="false"
183-->[androidx.work:work-runtime:2.7.0] AndroidManifest.xml:43:13-44
184            android:enabled="@bool/enable_system_alarm_service_default"
184-->[androidx.work:work-runtime:2.7.0] AndroidManifest.xml:44:13-72
185            android:exported="false" />
185-->[androidx.work:work-runtime:2.7.0] AndroidManifest.xml:45:13-37
186        <service
186-->[androidx.work:work-runtime:2.7.0] AndroidManifest.xml:47:9-53:35
187            android:name="androidx.work.impl.background.systemjob.SystemJobService"
187-->[androidx.work:work-runtime:2.7.0] AndroidManifest.xml:48:13-84
188            android:directBootAware="false"
188-->[androidx.work:work-runtime:2.7.0] AndroidManifest.xml:49:13-44
189            android:enabled="@bool/enable_system_job_service_default"
189-->[androidx.work:work-runtime:2.7.0] AndroidManifest.xml:50:13-70
190            android:exported="true"
190-->[androidx.work:work-runtime:2.7.0] AndroidManifest.xml:51:13-36
191            android:permission="android.permission.BIND_JOB_SERVICE" />
191-->[androidx.work:work-runtime:2.7.0] AndroidManifest.xml:52:13-69
192        <service
192-->[androidx.work:work-runtime:2.7.0] AndroidManifest.xml:54:9-59:35
193            android:name="androidx.work.impl.foreground.SystemForegroundService"
193-->[androidx.work:work-runtime:2.7.0] AndroidManifest.xml:55:13-81
194            android:directBootAware="false"
194-->[androidx.work:work-runtime:2.7.0] AndroidManifest.xml:56:13-44
195            android:enabled="@bool/enable_system_foreground_service_default"
195-->[androidx.work:work-runtime:2.7.0] AndroidManifest.xml:57:13-77
196            android:exported="false" />
196-->[androidx.work:work-runtime:2.7.0] AndroidManifest.xml:58:13-37
197
198        <receiver
198-->[androidx.work:work-runtime:2.7.0] AndroidManifest.xml:61:9-66:35
199            android:name="androidx.work.impl.utils.ForceStopRunnable$BroadcastReceiver"
199-->[androidx.work:work-runtime:2.7.0] AndroidManifest.xml:62:13-88
200            android:directBootAware="false"
200-->[androidx.work:work-runtime:2.7.0] AndroidManifest.xml:63:13-44
201            android:enabled="true"
201-->[androidx.work:work-runtime:2.7.0] AndroidManifest.xml:64:13-35
202            android:exported="false" />
202-->[androidx.work:work-runtime:2.7.0] AndroidManifest.xml:65:13-37
203        <receiver
203-->[androidx.work:work-runtime:2.7.0] AndroidManifest.xml:67:9-77:20
204            android:name="androidx.work.impl.background.systemalarm.ConstraintProxy$BatteryChargingProxy"
204-->[androidx.work:work-runtime:2.7.0] AndroidManifest.xml:68:13-106
205            android:directBootAware="false"
205-->[androidx.work:work-runtime:2.7.0] AndroidManifest.xml:69:13-44
206            android:enabled="false"
206-->[androidx.work:work-runtime:2.7.0] AndroidManifest.xml:70:13-36
207            android:exported="false" >
207-->[androidx.work:work-runtime:2.7.0] AndroidManifest.xml:71:13-37
208            <intent-filter>
208-->[androidx.work:work-runtime:2.7.0] AndroidManifest.xml:73:13-76:29
209                <action android:name="android.intent.action.ACTION_POWER_CONNECTED" />
209-->[androidx.work:work-runtime:2.7.0] AndroidManifest.xml:74:17-87
209-->[androidx.work:work-runtime:2.7.0] AndroidManifest.xml:74:25-84
210                <action android:name="android.intent.action.ACTION_POWER_DISCONNECTED" />
210-->[androidx.work:work-runtime:2.7.0] AndroidManifest.xml:75:17-90
210-->[androidx.work:work-runtime:2.7.0] AndroidManifest.xml:75:25-87
211            </intent-filter>
212        </receiver>
213        <receiver
213-->[androidx.work:work-runtime:2.7.0] AndroidManifest.xml:78:9-88:20
214            android:name="androidx.work.impl.background.systemalarm.ConstraintProxy$BatteryNotLowProxy"
214-->[androidx.work:work-runtime:2.7.0] AndroidManifest.xml:79:13-104
215            android:directBootAware="false"
215-->[androidx.work:work-runtime:2.7.0] AndroidManifest.xml:80:13-44
216            android:enabled="false"
216-->[androidx.work:work-runtime:2.7.0] AndroidManifest.xml:81:13-36
217            android:exported="false" >
217-->[androidx.work:work-runtime:2.7.0] AndroidManifest.xml:82:13-37
218            <intent-filter>
218-->[androidx.work:work-runtime:2.7.0] AndroidManifest.xml:84:13-87:29
219                <action android:name="android.intent.action.BATTERY_OKAY" />
219-->[androidx.work:work-runtime:2.7.0] AndroidManifest.xml:85:17-77
219-->[androidx.work:work-runtime:2.7.0] AndroidManifest.xml:85:25-74
220                <action android:name="android.intent.action.BATTERY_LOW" />
220-->[androidx.work:work-runtime:2.7.0] AndroidManifest.xml:86:17-76
220-->[androidx.work:work-runtime:2.7.0] AndroidManifest.xml:86:25-73
221            </intent-filter>
222        </receiver>
223        <receiver
223-->[androidx.work:work-runtime:2.7.0] AndroidManifest.xml:89:9-99:20
224            android:name="androidx.work.impl.background.systemalarm.ConstraintProxy$StorageNotLowProxy"
224-->[androidx.work:work-runtime:2.7.0] AndroidManifest.xml:90:13-104
225            android:directBootAware="false"
225-->[androidx.work:work-runtime:2.7.0] AndroidManifest.xml:91:13-44
226            android:enabled="false"
226-->[androidx.work:work-runtime:2.7.0] AndroidManifest.xml:92:13-36
227            android:exported="false" >
227-->[androidx.work:work-runtime:2.7.0] AndroidManifest.xml:93:13-37
228            <intent-filter>
228-->[androidx.work:work-runtime:2.7.0] AndroidManifest.xml:95:13-98:29
229                <action android:name="android.intent.action.DEVICE_STORAGE_LOW" />
229-->[androidx.work:work-runtime:2.7.0] AndroidManifest.xml:96:17-83
229-->[androidx.work:work-runtime:2.7.0] AndroidManifest.xml:96:25-80
230                <action android:name="android.intent.action.DEVICE_STORAGE_OK" />
230-->[androidx.work:work-runtime:2.7.0] AndroidManifest.xml:97:17-82
230-->[androidx.work:work-runtime:2.7.0] AndroidManifest.xml:97:25-79
231            </intent-filter>
232        </receiver>
233        <receiver
233-->[androidx.work:work-runtime:2.7.0] AndroidManifest.xml:100:9-109:20
234            android:name="androidx.work.impl.background.systemalarm.ConstraintProxy$NetworkStateProxy"
234-->[androidx.work:work-runtime:2.7.0] AndroidManifest.xml:101:13-103
235            android:directBootAware="false"
235-->[androidx.work:work-runtime:2.7.0] AndroidManifest.xml:102:13-44
236            android:enabled="false"
236-->[androidx.work:work-runtime:2.7.0] AndroidManifest.xml:103:13-36
237            android:exported="false" >
237-->[androidx.work:work-runtime:2.7.0] AndroidManifest.xml:104:13-37
238            <intent-filter>
238-->[androidx.work:work-runtime:2.7.0] AndroidManifest.xml:106:13-108:29
239                <action android:name="android.net.conn.CONNECTIVITY_CHANGE" />
239-->[androidx.work:work-runtime:2.7.0] AndroidManifest.xml:107:17-79
239-->[androidx.work:work-runtime:2.7.0] AndroidManifest.xml:107:25-76
240            </intent-filter>
241        </receiver>
242        <receiver
242-->[androidx.work:work-runtime:2.7.0] AndroidManifest.xml:110:9-121:20
243            android:name="androidx.work.impl.background.systemalarm.RescheduleReceiver"
243-->[androidx.work:work-runtime:2.7.0] AndroidManifest.xml:111:13-88
244            android:directBootAware="false"
244-->[androidx.work:work-runtime:2.7.0] AndroidManifest.xml:112:13-44
245            android:enabled="false"
245-->[androidx.work:work-runtime:2.7.0] AndroidManifest.xml:113:13-36
246            android:exported="false" >
246-->[androidx.work:work-runtime:2.7.0] AndroidManifest.xml:114:13-37
247            <intent-filter>
247-->[androidx.work:work-runtime:2.7.0] AndroidManifest.xml:116:13-120:29
248                <action android:name="android.intent.action.BOOT_COMPLETED" />
248-->[androidx.work:work-runtime:2.7.0] AndroidManifest.xml:117:17-79
248-->[androidx.work:work-runtime:2.7.0] AndroidManifest.xml:117:25-76
249                <action android:name="android.intent.action.TIME_SET" />
249-->[androidx.work:work-runtime:2.7.0] AndroidManifest.xml:118:17-73
249-->[androidx.work:work-runtime:2.7.0] AndroidManifest.xml:118:25-70
250                <action android:name="android.intent.action.TIMEZONE_CHANGED" />
250-->[androidx.work:work-runtime:2.7.0] AndroidManifest.xml:119:17-81
250-->[androidx.work:work-runtime:2.7.0] AndroidManifest.xml:119:25-78
251            </intent-filter>
252        </receiver>
253        <receiver
253-->[androidx.work:work-runtime:2.7.0] AndroidManifest.xml:122:9-131:20
254            android:name="androidx.work.impl.background.systemalarm.ConstraintProxyUpdateReceiver"
254-->[androidx.work:work-runtime:2.7.0] AndroidManifest.xml:123:13-99
255            android:directBootAware="false"
255-->[androidx.work:work-runtime:2.7.0] AndroidManifest.xml:124:13-44
256            android:enabled="@bool/enable_system_alarm_service_default"
256-->[androidx.work:work-runtime:2.7.0] AndroidManifest.xml:125:13-72
257            android:exported="false" >
257-->[androidx.work:work-runtime:2.7.0] AndroidManifest.xml:126:13-37
258            <intent-filter>
258-->[androidx.work:work-runtime:2.7.0] AndroidManifest.xml:128:13-130:29
259                <action android:name="androidx.work.impl.background.systemalarm.UpdateProxies" />
259-->[androidx.work:work-runtime:2.7.0] AndroidManifest.xml:129:17-98
259-->[androidx.work:work-runtime:2.7.0] AndroidManifest.xml:129:25-95
260            </intent-filter>
261        </receiver>
262        <receiver
262-->[androidx.work:work-runtime:2.7.0] AndroidManifest.xml:132:9-142:20
263            android:name="androidx.work.impl.diagnostics.DiagnosticsReceiver"
263-->[androidx.work:work-runtime:2.7.0] AndroidManifest.xml:133:13-78
264            android:directBootAware="false"
264-->[androidx.work:work-runtime:2.7.0] AndroidManifest.xml:134:13-44
265            android:enabled="true"
265-->[androidx.work:work-runtime:2.7.0] AndroidManifest.xml:135:13-35
266            android:exported="true"
266-->[androidx.work:work-runtime:2.7.0] AndroidManifest.xml:136:13-36
267            android:permission="android.permission.DUMP" >
267-->[androidx.work:work-runtime:2.7.0] AndroidManifest.xml:137:13-57
268            <intent-filter>
268-->[androidx.work:work-runtime:2.7.0] AndroidManifest.xml:139:13-141:29
269                <action android:name="androidx.work.diagnostics.REQUEST_DIAGNOSTICS" />
269-->[androidx.work:work-runtime:2.7.0] AndroidManifest.xml:140:17-88
269-->[androidx.work:work-runtime:2.7.0] AndroidManifest.xml:140:25-85
270            </intent-filter>
271        </receiver>
272
273        <uses-library
273-->[androidx.window:window:1.0.0-beta04] AndroidManifest.xml:25:9-27:40
274            android:name="androidx.window.extensions"
274-->[androidx.window:window:1.0.0-beta04] AndroidManifest.xml:26:13-54
275            android:required="false" />
275-->[androidx.window:window:1.0.0-beta04] AndroidManifest.xml:27:13-37
276        <uses-library
276-->[androidx.window:window:1.0.0-beta04] AndroidManifest.xml:28:9-30:40
277            android:name="androidx.window.sidecar"
277-->[androidx.window:window:1.0.0-beta04] AndroidManifest.xml:29:13-51
278            android:required="false" />
278-->[androidx.window:window:1.0.0-beta04] AndroidManifest.xml:30:13-37
279
280        <receiver
280-->[androidx.profileinstaller:profileinstaller:1.3.0] AndroidManifest.xml:34:9-52:20
281            android:name="androidx.profileinstaller.ProfileInstallReceiver"
281-->[androidx.profileinstaller:profileinstaller:1.3.0] AndroidManifest.xml:35:13-76
282            android:directBootAware="false"
282-->[androidx.profileinstaller:profileinstaller:1.3.0] AndroidManifest.xml:36:13-44
283            android:enabled="true"
283-->[androidx.profileinstaller:profileinstaller:1.3.0] AndroidManifest.xml:37:13-35
284            android:exported="true"
284-->[androidx.profileinstaller:profileinstaller:1.3.0] AndroidManifest.xml:38:13-36
285            android:permission="android.permission.DUMP" >
285-->[androidx.profileinstaller:profileinstaller:1.3.0] AndroidManifest.xml:39:13-57
286            <intent-filter>
286-->[androidx.profileinstaller:profileinstaller:1.3.0] AndroidManifest.xml:40:13-42:29
287                <action android:name="androidx.profileinstaller.action.INSTALL_PROFILE" />
287-->[androidx.profileinstaller:profileinstaller:1.3.0] AndroidManifest.xml:41:17-91
287-->[androidx.profileinstaller:profileinstaller:1.3.0] AndroidManifest.xml:41:25-88
288            </intent-filter>
289            <intent-filter>
289-->[androidx.profileinstaller:profileinstaller:1.3.0] AndroidManifest.xml:43:13-45:29